<?xml version="1.0" encoding="UTF-8"?>
<!-- Generated by org.testng.reporters.JUnitReportReporter -->
<testsuite hostname="LT0018432" name="com.antrun.AntDemo" tests="1" failures="0" timestamp="2 Oct 2016 17:57:06 GMT" time="0.005" errors="0">
  <testcase name="test1" time="0.005" classname="com.antrun.AntDemo"/>
</testsuite>
